[2.891s] DEBUG:colcon:Command line arguments: ['/usr/bin/colcon', 'build']
[2.895s] DEBUG:colcon:Parsed command line arguments: Namespace(ament_cmake_args=None, base_paths=['.'], build_base='build', catkin_cmake_args=None, catkin_skip_building_tests=False, cmake_args=None, cmake_clean_cache=False, cmake_clean_first=False, cmake_force_configure=False, cmake_target=None, cmake_target_skip_unavailable=False, continue_on_error=False, event_handlers=None, executor='parallel', ignore_user_meta=False, install_base='install', log_base=None, log_level=None, main=<bound method BuildVerb.main of <colcon_core.verb.build.BuildVerb object at 0x4002b67580>>, merge_install=False, metas=['./colcon.meta'], mixin=None, mixin_files=None, mixin_verb=('build',), packages_above=None, packages_above_and_dependencies=None, packages_above_depth=None, packages_end=None, packages_ignore=None, packages_ignore_regex=None, packages_select=None, packages_select_build_failed=False, packages_select_by_dep=None, packages_select_regex=None, packages_select_test_failures=False, packages_skip=None, packages_skip_build_finished=False, packages_skip_by_dep=None, packages_skip_regex=None, packages_skip_test_passed=False, packages_skip_up_to=None, packages_start=None, packages_up_to=None, packages_up_to_regex=None, parallel_workers=6, paths=None, symlink_install=False, test_result_base=None, verb_extension=<colcon_core.verb.build.BuildVerb object at 0x4002b67580>, verb_name='build', verb_parser=<colcon_mixin.mixin.mixin_argument.MixinArgumentDecorator object at 0x4002b67be0>)
[3.141s] Level 1:colcon.colcon_core.package_discovery:discover_packages(colcon_meta) check parameters
[3.149s] INFO:colcon.colcon_metadata.package_discovery.colcon_meta:Using configuration from '/root/.colcon/metadata/default/Gazebo.meta'
[3.154s] INFO:colcon.colcon_metadata.package_discovery.colcon_meta:Using configuration from '/root/.colcon/metadata/default/fastrtps.meta'
[3.156s] Level 1:colcon.colcon_core.package_discovery:discover_packages(recursive) check parameters
[3.157s] Level 1:colcon.colcon_core.package_discovery:discover_packages(ignore) check parameters
[3.157s] Level 1:colcon.colcon_core.package_discovery:discover_packages(path) check parameters
[3.158s] Level 1:colcon.colcon_core.package_discovery:discover_packages(colcon_meta) discover
[3.159s] Level 1:colcon.colcon_core.package_discovery:discover_packages(recursive) discover
[3.160s] INFO:colcon.colcon_core.package_discovery:Crawling recursively for packages in '/ros2/src'
[3.163s] Level 1:colcon.colcon_core.package_identification:_identify(.) by extensions ['ignore', 'ignore_ament_install']
[3.165s] Level 1:colcon.colcon_core.package_identification:_identify(.) by extension 'ignore'
[3.167s] Level 1:colcon.colcon_core.package_identification:_identify(.) by extension 'ignore_ament_install'
[3.169s] Level 1:colcon.colcon_core.package_identification:_identify(.) by extensions ['colcon_pkg']
[3.170s] Level 1:colcon.colcon_core.package_identification:_identify(.) by extension 'colcon_pkg'
[3.171s] Level 1:colcon.colcon_core.package_identification:_identify(.) by extensions ['colcon_meta']
[3.172s] Level 1:colcon.colcon_core.package_identification:_identify(.) by extension 'colcon_meta'
[3.173s] Level 1:colcon.colcon_core.package_identification:_identify(.) by extensions ['ros']
[3.173s] Level 1:colcon.colcon_core.package_identification:_identify(.) by extension 'ros'
[3.292s] Level 1:colcon.colcon_core.package_identification:_identify(.) by extensions ['cmake', 'python']
[3.293s] Level 1:colcon.colcon_core.package_identification:_identify(.) by extension 'cmake'
[3.295s] Level 1:colcon.colcon_core.package_identification:_identify(.) by extension 'python'
[3.296s] Level 1:colcon.colcon_core.package_identification:_identify(.) by extensions ['python_setup_py']
[3.297s] Level 1:colcon.colcon_core.package_identification:_identify(.) by extension 'python_setup_py'
[3.300s] Level 1:colcon.colcon_core.package_identification:_identify(build) by extensions ['ignore', 'ignore_ament_install']
[3.302s] Level 1:colcon.colcon_core.package_identification:_identify(build) by extension 'ignore'
[3.303s] Level 1:colcon.colcon_core.package_identification:_identify(build) ignored
[3.306s] Level 1:colcon.colcon_core.package_identification:_identify(install) by extensions ['ignore', 'ignore_ament_install']
[3.307s] Level 1:colcon.colcon_core.package_identification:_identify(install) by extension 'ignore'
[3.308s] Level 1:colcon.colcon_core.package_identification:_identify(install) ignored
[3.313s] Level 1:colcon.colcon_core.package_identification:_identify(log) by extensions ['ignore', 'ignore_ament_install']
[3.315s] Level 1:colcon.colcon_core.package_identification:_identify(log) by extension 'ignore'
[3.315s] Level 1:colcon.colcon_core.package_identification:_identify(log) ignored
[3.317s] Level 1:colcon.colcon_core.package_identification:_identify(py_pub_sub) by extensions ['ignore', 'ignore_ament_install']
[3.318s] Level 1:colcon.colcon_core.package_identification:_identify(py_pub_sub) by extension 'ignore'
[3.319s] Level 1:colcon.colcon_core.package_identification:_identify(py_pub_sub) by extension 'ignore_ament_install'
[3.321s] Level 1:colcon.colcon_core.package_identification:_identify(py_pub_sub) by extensions ['colcon_pkg']
[3.322s] Level 1:colcon.colcon_core.package_identification:_identify(py_pub_sub) by extension 'colcon_pkg'
[3.323s] Level 1:colcon.colcon_core.package_identification:_identify(py_pub_sub) by extensions ['colcon_meta']
[3.324s] Level 1:colcon.colcon_core.package_identification:_identify(py_pub_sub) by extension 'colcon_meta'
[3.325s] Level 1:colcon.colcon_core.package_identification:_identify(py_pub_sub) by extensions ['ros']
[3.325s] Level 1:colcon.colcon_core.package_identification:_identify(py_pub_sub) by extension 'ros'
[3.355s] DEBUG:colcon.colcon_core.package_identification:Package 'py_pub_sub' with type 'ros.ament_python' and name 'py_pub_sub'
[3.356s] Level 1:colcon.colcon_core.package_discovery:discover_packages(recursive) using defaults
[3.357s] Level 1:colcon.colcon_core.package_discovery:discover_packages(ignore) discover
[3.358s] Level 1:colcon.colcon_core.package_discovery:discover_packages(ignore) using defaults
[3.359s] Level 1:colcon.colcon_core.package_discovery:discover_packages(path) discover
[3.359s] Level 1:colcon.colcon_core.package_discovery:discover_packages(path) using defaults
[3.537s] Level 5:colcon.colcon_core.verb:set package 'py_pub_sub' build argument 'cmake_args' from command line to 'None'
[3.539s] Level 5:colcon.colcon_core.verb:set package 'py_pub_sub' build argument 'cmake_target' from command line to 'None'
[3.539s] Level 5:colcon.colcon_core.verb:set package 'py_pub_sub' build argument 'cmake_target_skip_unavailable' from command line to 'False'
[3.540s] Level 5:colcon.colcon_core.verb:set package 'py_pub_sub' build argument 'cmake_clean_cache' from command line to 'False'
[3.541s] Level 5:colcon.colcon_core.verb:set package 'py_pub_sub' build argument 'cmake_clean_first' from command line to 'False'
[3.542s] Level 5:colcon.colcon_core.verb:set package 'py_pub_sub' build argument 'cmake_force_configure' from command line to 'False'
[3.543s] Level 5:colcon.colcon_core.verb:set package 'py_pub_sub' build argument 'ament_cmake_args' from command line to 'None'
[3.543s] Level 5:colcon.colcon_core.verb:set package 'py_pub_sub' build argument 'catkin_cmake_args' from command line to 'None'
[3.544s] Level 5:colcon.colcon_core.verb:set package 'py_pub_sub' build argument 'catkin_skip_building_tests' from command line to 'False'
[3.545s] DEBUG:colcon.colcon_core.verb:Building package 'py_pub_sub' with the following arguments: {'ament_cmake_args': None, 'build_base': '/ros2/src/build/py_pub_sub', 'catkin_cmake_args': None, 'catkin_skip_building_tests': False, 'cmake_args': None, 'cmake_clean_cache': False, 'cmake_clean_first': False, 'cmake_force_configure': False, 'cmake_target': None, 'cmake_target_skip_unavailable': False, 'install_base': '/ros2/src/install/py_pub_sub', 'merge_install': False, 'path': '/ros2/src/py_pub_sub', 'symlink_install': False, 'test_result_base': None}
[3.551s] INFO:colcon.colcon_core.executor:Executing jobs using 'parallel' executor
[3.596s] DEBUG:colcon.colcon_parallel_executor.executor.parallel:run_until_complete
[3.599s] INFO:colcon.colcon_ros.task.ament_python.build:Building ROS package in '/ros2/src/py_pub_sub' with build type 'ament_python'
[3.601s] Level 1:colcon.colcon_core.shell:create_environment_hook('py_pub_sub', 'ament_prefix_path')
[3.646s] INFO:colcon.colcon_core.plugin_system:Skipping extension 'colcon_core.shell.bat': Not used on non-Windows systems
[3.648s] INFO:colcon.colcon_core.shell:Creating environment hook '/ros2/src/install/py_pub_sub/share/py_pub_sub/hook/ament_prefix_path.ps1'
[3.666s] INFO:colcon.colcon_core.shell:Creating environment descriptor '/ros2/src/install/py_pub_sub/share/py_pub_sub/hook/ament_prefix_path.dsv'
[3.673s] INFO:colcon.colcon_core.shell:Creating environment hook '/ros2/src/install/py_pub_sub/share/py_pub_sub/hook/ament_prefix_path.sh'
[3.698s] INFO:colcon.colcon_core.shell:Skip shell extension 'powershell' for command environment: Not usable outside of PowerShell
[3.699s] DEBUG:colcon.colcon_core.shell:Skip shell extension 'dsv' for command environment
[5.710s] INFO:colcon.colcon_core.task.python.build:Building Python package in '/ros2/src/py_pub_sub'
[5.725s] INFO:colcon.colcon_core.shell:Skip shell extension 'powershell' for command environment: Not usable outside of PowerShell
[5.727s] DEBUG:colcon.colcon_core.shell:Skip shell extension 'dsv' for command environment
[8.973s] DEBUG:colcon.colcon_core.event_handler.log_command:Invoking command in '/ros2/src/py_pub_sub': PYTHONPATH=/ros2/src/build/py_pub_sub/prefix_override:/ros2/src/install/py_pub_sub/lib/python3.8/site-packages:${PYTHONPATH} /usr/bin/python3 setup.py egg_info --egg-base ../build/py_pub_sub build --build-base /ros2/src/build/py_pub_sub/build install --record /ros2/src/build/py_pub_sub/install.log --install-scripts $base/lib/py_pub_sub --single-version-externally-managed
[11.461s] DEBUG:colcon.colcon_core.event_handler.log_command:Invoked command in '/ros2/src/py_pub_sub' returned '0': PYTHONPATH=/ros2/src/build/py_pub_sub/prefix_override:/ros2/src/install/py_pub_sub/lib/python3.8/site-packages:${PYTHONPATH} /usr/bin/python3 setup.py egg_info --egg-base ../build/py_pub_sub build --build-base /ros2/src/build/py_pub_sub/build install --record /ros2/src/build/py_pub_sub/install.log --install-scripts $base/lib/py_pub_sub --single-version-externally-managed
[11.496s] Level 1:colcon.colcon_core.environment:checking '/ros2/src/install/py_pub_sub' for CMake module files
[11.516s] Level 1:colcon.colcon_core.environment:checking '/ros2/src/install/py_pub_sub' for CMake config files
[11.536s] Level 1:colcon.colcon_core.environment:checking '/ros2/src/install/py_pub_sub/lib'
[11.539s] Level 1:colcon.colcon_core.environment:checking '/ros2/src/install/py_pub_sub/bin'
[11.540s] Level 1:colcon.colcon_core.environment:checking '/ros2/src/install/py_pub_sub/lib/pkgconfig/py_pub_sub.pc'
[11.543s] Level 1:colcon.colcon_core.environment:checking '/ros2/src/install/py_pub_sub/lib/python3.8/site-packages'
[11.544s] Level 1:colcon.colcon_core.shell:create_environment_hook('py_pub_sub', 'pythonpath')
[11.557s] INFO:colcon.colcon_core.shell:Creating environment hook '/ros2/src/install/py_pub_sub/share/py_pub_sub/hook/pythonpath.ps1'
[11.564s] INFO:colcon.colcon_core.shell:Creating environment descriptor '/ros2/src/install/py_pub_sub/share/py_pub_sub/hook/pythonpath.dsv'
[11.569s] INFO:colcon.colcon_core.shell:Creating environment hook '/ros2/src/install/py_pub_sub/share/py_pub_sub/hook/pythonpath.sh'
[11.576s] Level 1:colcon.colcon_core.environment:checking '/ros2/src/install/py_pub_sub/bin'
[11.577s] Level 1:colcon.colcon_core.environment:create_environment_scripts_only(py_pub_sub)
[11.591s] INFO:colcon.colcon_core.shell:Creating package script '/ros2/src/install/py_pub_sub/share/py_pub_sub/package.ps1'
[11.602s] INFO:colcon.colcon_core.shell:Creating package descriptor '/ros2/src/install/py_pub_sub/share/py_pub_sub/package.dsv'
[11.611s] INFO:colcon.colcon_core.shell:Creating package script '/ros2/src/install/py_pub_sub/share/py_pub_sub/package.sh'
[11.621s] INFO:colcon.colcon_core.shell:Creating package script '/ros2/src/install/py_pub_sub/share/py_pub_sub/package.bash'
[11.633s] INFO:colcon.colcon_core.shell:Creating package script '/ros2/src/install/py_pub_sub/share/py_pub_sub/package.zsh'
[11.642s] Level 1:colcon.colcon_core.environment:create_file_with_runtime_dependencies(/ros2/src/install/py_pub_sub/share/colcon-core/packages/py_pub_sub)
[11.649s] DEBUG:colcon.colcon_parallel_executor.executor.parallel:closing loop
[11.651s] DEBUG:colcon.colcon_parallel_executor.executor.parallel:loop closed
[11.652s] DEBUG:colcon.colcon_parallel_executor.executor.parallel:run_until_complete finished with '0'
[11.654s] DEBUG:colcon.colcon_core.event_reactor:joining thread
[11.705s] INFO:colcon.colcon_core.plugin_system:Skipping extension 'colcon_notification.desktop_notification.notify_send': Could not find 'notify-send'
[11.707s] INFO:colcon.colcon_core.plugin_system:Skipping extension 'colcon_notification.desktop_notification.terminal_notifier': Not used on non-Darwin systems
[11.708s] INFO:colcon.colcon_core.plugin_system:Skipping extension 'colcon_notification.desktop_notification.win32': Not used on non-Windows systems
[11.709s] INFO:colcon.colcon_notification.desktop_notification:Sending desktop notification using 'notify2'
[11.713s] DEBUG:colcon.colcon_notification.desktop_notification.notify2:Failed to initialize notify2: org.freedesktop.DBus.Error.NotSupported: Unable to autolaunch a dbus-daemon without a $DISPLAY for X11
[11.715s] DEBUG:colcon.colcon_core.event_reactor:joined thread
[11.729s] INFO:colcon.colcon_core.shell:Creating prefix script '/ros2/src/install/local_setup.ps1'
[11.742s] INFO:colcon.colcon_core.shell:Creating prefix util module '/ros2/src/install/_local_setup_util_ps1.py'
[11.773s] INFO:colcon.colcon_core.shell:Creating prefix chain script '/ros2/src/install/setup.ps1'
[11.790s] INFO:colcon.colcon_core.shell:Creating prefix script '/ros2/src/install/local_setup.sh'
[11.798s] INFO:colcon.colcon_core.shell:Creating prefix util module '/ros2/src/install/_local_setup_util_sh.py'
[11.805s] INFO:colcon.colcon_core.shell:Creating prefix chain script '/ros2/src/install/setup.sh'
[11.818s] INFO:colcon.colcon_core.shell:Creating prefix script '/ros2/src/install/local_setup.bash'
[11.826s] INFO:colcon.colcon_core.shell:Creating prefix chain script '/ros2/src/install/setup.bash'
[11.841s] INFO:colcon.colcon_core.shell:Creating prefix script '/ros2/src/install/local_setup.zsh'
[11.852s] INFO:colcon.colcon_core.shell:Creating prefix chain script '/ros2/src/install/setup.zsh'
