running egg_info
creating ../build/py_pub_sub/py_pub_sub.egg-info
writing ../build/py_pub_sub/py_pub_sub.egg-info/PKG-INFO
writing dependency_links to ../build/py_pub_sub/py_pub_sub.egg-info/dependency_links.txt
writing entry points to ../build/py_pub_sub/py_pub_sub.egg-info/entry_points.txt
writing requirements to ../build/py_pub_sub/py_pub_sub.egg-info/requires.txt
writing top-level names to ../build/py_pub_sub/py_pub_sub.egg-info/top_level.txt
writing manifest file '../build/py_pub_sub/py_pub_sub.egg-info/SOURCES.txt'
reading manifest file '../build/py_pub_sub/py_pub_sub.egg-info/SOURCES.txt'
writing manifest file '../build/py_pub_sub/py_pub_sub.egg-info/SOURCES.txt'
running build
running build_py
creating /ros2/src/build/py_pub_sub/build
creating /ros2/src/build/py_pub_sub/build/lib
creating /ros2/src/build/py_pub_sub/build/lib/py_pub_sub
copying py_pub_sub/__init__.py -> /ros2/src/build/py_pub_sub/build/lib/py_pub_sub
copying py_pub_sub/listener.py -> /ros2/src/build/py_pub_sub/build/lib/py_pub_sub
copying py_pub_sub/talker.py -> /ros2/src/build/py_pub_sub/build/lib/py_pub_sub
running install
running install_lib
creating /ros2/src/install/py_pub_sub/lib/python3.8/site-packages/py_pub_sub
copying /ros2/src/build/py_pub_sub/build/lib/py_pub_sub/__init__.py -> /ros2/src/install/py_pub_sub/lib/python3.8/site-packages/py_pub_sub
copying /ros2/src/build/py_pub_sub/build/lib/py_pub_sub/listener.py -> /ros2/src/install/py_pub_sub/lib/python3.8/site-packages/py_pub_sub
copying /ros2/src/build/py_pub_sub/build/lib/py_pub_sub/talker.py -> /ros2/src/install/py_pub_sub/lib/python3.8/site-packages/py_pub_sub
byte-compiling /ros2/src/install/py_pub_sub/lib/python3.8/site-packages/py_pub_sub/__init__.py to __init__.cpython-38.pyc
byte-compiling /ros2/src/install/py_pub_sub/lib/python3.8/site-packages/py_pub_sub/listener.py to listener.cpython-38.pyc
byte-compiling /ros2/src/install/py_pub_sub/lib/python3.8/site-packages/py_pub_sub/talker.py to talker.cpython-38.pyc
running install_data
creating /ros2/src/install/py_pub_sub/share/ament_index
creating /ros2/src/install/py_pub_sub/share/ament_index/resource_index
creating /ros2/src/install/py_pub_sub/share/ament_index/resource_index/packages
copying resource/py_pub_sub -> /ros2/src/install/py_pub_sub/share/ament_index/resource_index/packages
copying package.xml -> /ros2/src/install/py_pub_sub/share/py_pub_sub
running install_egg_info
Copying ../build/py_pub_sub/py_pub_sub.egg-info to /ros2/src/install/py_pub_sub/lib/python3.8/site-packages/py_pub_sub-0.0.0-py3.8.egg-info
running install_scripts
Installing listener script to /ros2/src/install/py_pub_sub/lib/py_pub_sub
Installing talker script to /ros2/src/install/py_pub_sub/lib/py_pub_sub
writing list of installed files to '/ros2/src/build/py_pub_sub/install.log'
