[5.369s] Invoking command in '/ros2/src/py_pub_sub': PYTHONPATH=/ros2/src/build/py_pub_sub/prefix_override:/ros2/src/install/py_pub_sub/lib/python3.8/site-packages:${PYTHONPATH} /usr/bin/python3 setup.py egg_info --egg-base ../build/py_pub_sub build --build-base /ros2/src/build/py_pub_sub/build install --record /ros2/src/build/py_pub_sub/install.log --install-scripts $base/lib/py_pub_sub --single-version-externally-managed
[7.011s] running egg_info
[7.016s] creating ../build/py_pub_sub/py_pub_sub.egg-info
[7.021s] writing ../build/py_pub_sub/py_pub_sub.egg-info/PKG-INFO
[7.029s] writing dependency_links to ../build/py_pub_sub/py_pub_sub.egg-info/dependency_links.txt
[7.034s] writing entry points to ../build/py_pub_sub/py_pub_sub.egg-info/entry_points.txt
[7.037s] writing requirements to ../build/py_pub_sub/py_pub_sub.egg-info/requires.txt
[7.040s] writing top-level names to ../build/py_pub_sub/py_pub_sub.egg-info/top_level.txt
[7.055s] writing manifest file '../build/py_pub_sub/py_pub_sub.egg-info/SOURCES.txt'
[7.376s] reading manifest file '../build/py_pub_sub/py_pub_sub.egg-info/SOURCES.txt'
[7.390s] writing manifest file '../build/py_pub_sub/py_pub_sub.egg-info/SOURCES.txt'
[7.393s] running build
[7.396s] running build_py
[7.400s] creating /ros2/src/build/py_pub_sub/build
[7.403s] creating /ros2/src/build/py_pub_sub/build/lib
[7.406s] creating /ros2/src/build/py_pub_sub/build/lib/py_pub_sub
[7.410s] copying py_pub_sub/__init__.py -> /ros2/src/build/py_pub_sub/build/lib/py_pub_sub
[7.412s] copying py_pub_sub/listener.py -> /ros2/src/build/py_pub_sub/build/lib/py_pub_sub
[7.424s] copying py_pub_sub/talker.py -> /ros2/src/build/py_pub_sub/build/lib/py_pub_sub
[7.430s] running install
[7.436s] running install_lib
[7.446s] creating /ros2/src/install/py_pub_sub/lib/python3.8/site-packages/py_pub_sub
[7.449s] copying /ros2/src/build/py_pub_sub/build/lib/py_pub_sub/__init__.py -> /ros2/src/install/py_pub_sub/lib/python3.8/site-packages/py_pub_sub
[7.456s] copying /ros2/src/build/py_pub_sub/build/lib/py_pub_sub/listener.py -> /ros2/src/install/py_pub_sub/lib/python3.8/site-packages/py_pub_sub
[7.464s] copying /ros2/src/build/py_pub_sub/build/lib/py_pub_sub/talker.py -> /ros2/src/install/py_pub_sub/lib/python3.8/site-packages/py_pub_sub
[7.475s] byte-compiling /ros2/src/install/py_pub_sub/lib/python3.8/site-packages/py_pub_sub/__init__.py to __init__.cpython-38.pyc
[7.497s] byte-compiling /ros2/src/install/py_pub_sub/lib/python3.8/site-packages/py_pub_sub/listener.py to listener.cpython-38.pyc
[7.509s] byte-compiling /ros2/src/install/py_pub_sub/lib/python3.8/site-packages/py_pub_sub/talker.py to talker.cpython-38.pyc
[7.519s] running install_data
[7.526s] creating /ros2/src/install/py_pub_sub/share/ament_index
[7.530s] creating /ros2/src/install/py_pub_sub/share/ament_index/resource_index
[7.532s] creating /ros2/src/install/py_pub_sub/share/ament_index/resource_index/packages
[7.535s] copying resource/py_pub_sub -> /ros2/src/install/py_pub_sub/share/ament_index/resource_index/packages
[7.541s] copying package.xml -> /ros2/src/install/py_pub_sub/share/py_pub_sub
[7.547s] running install_egg_info
[7.559s] Copying ../build/py_pub_sub/py_pub_sub.egg-info to /ros2/src/install/py_pub_sub/lib/python3.8/site-packages/py_pub_sub-0.0.0-py3.8.egg-info
[7.608s] running install_scripts
[7.748s] Installing listener script to /ros2/src/install/py_pub_sub/lib/py_pub_sub
[7.754s] Installing talker script to /ros2/src/install/py_pub_sub/lib/py_pub_sub
[7.760s] writing list of installed files to '/ros2/src/build/py_pub_sub/install.log'
[7.856s] Invoked command in '/ros2/src/py_pub_sub' returned '0': PYTHONPATH=/ros2/src/build/py_pub_sub/prefix_override:/ros2/src/install/py_pub_sub/lib/python3.8/site-packages:${PYTHONPATH} /usr/bin/python3 setup.py egg_info --egg-base ../build/py_pub_sub build --build-base /ros2/src/build/py_pub_sub/build install --record /ros2/src/build/py_pub_sub/install.log --install-scripts $base/lib/py_pub_sub --single-version-externally-managed
